0 info it worked if it ends with ok
1 verbose cli [ '/usr/local/bin/node',
1 verbose cli   '/usr/local/bin/npm',
1 verbose cli   'install',
1 verbose cli   'js-hint' ]
2 info using npm@3.10.9
3 info using node@v6.9.2
4 silly loadCurrentTree Starting
5 silly install loadCurrentTree
6 silly install readLocalPackageData
7 silly fetchPackageMetaData js-hint
8 silly fetchNamedPackageData js-hint
9 silly mapToRegistry name js-hint
10 silly mapToRegistry using default registry
11 silly mapToRegistry registry http://repository.amplia.es:9081/nexus/repository/npm-global
12 silly mapToRegistry data Result {
12 silly mapToRegistry   raw: 'js-hint',
12 silly mapToRegistry   scope: null,
12 silly mapToRegistry   escapedName: 'js-hint',
12 silly mapToRegistry   name: 'js-hint',
12 silly mapToRegistry   rawSpec: '',
12 silly mapToRegistry   spec: 'latest',
12 silly mapToRegistry   type: 'tag' }
13 silly mapToRegistry uri http://repository.amplia.es:9081/nexus/repository/npm-global/js-hint
14 verbose request uri http://repository.amplia.es:9081/nexus/repository/npm-global/js-hint
15 verbose request no auth needed
16 info attempt registry request try #1 at 10:00:00 AM
17 verbose request id bf113667c39bd4d1
18 http request GET http://repository.amplia.es:9081/nexus/repository/npm-global/js-hint
19 http 404 http://repository.amplia.es:9081/nexus/repository/npm-global/js-hint
20 verbose headers { date: 'Fri, 06 Oct 2017 08:00:00 GMT',
20 verbose headers   server: 'Nexus/3.4.0-02 (OSS)',
20 verbose headers   'x-frame-options': 'SAMEORIGIN',
20 verbose headers   'x-content-type-options': 'nosniff',
20 verbose headers   'content-type': 'application/json',
20 verbose headers   'content-length': '37' }
21 silly get cb [ 404,
21 silly get   { date: 'Fri, 06 Oct 2017 08:00:00 GMT',
21 silly get     server: 'Nexus/3.4.0-02 (OSS)',
21 silly get     'x-frame-options': 'SAMEORIGIN',
21 silly get     'x-content-type-options': 'nosniff',
21 silly get     'content-type': 'application/json',
21 silly get     'content-length': '37' } ]
22 silly fetchPackageMetaData Error: Not found : nexus
22 silly fetchPackageMetaData     at makeError (/usr/local/lib/node_modules/npm/node_modules/npm-registry-client/lib/request.js:302:12)
22 silly fetchPackageMetaData     at CachingRegistryClient.<anonymous> (/usr/local/lib/node_modules/npm/node_modules/npm-registry-client/lib/request.js:290:14)
22 silly fetchPackageMetaData     at Request._callback (/usr/local/lib/node_modules/npm/node_modules/npm-registry-client/lib/request.js:210:14)
22 silly fetchPackageMetaData     at Request.self.callback (/usr/local/lib/node_modules/npm/node_modules/request/request.js:187:22)
22 silly fetchPackageMetaData     at emitTwo (events.js:106:13)
22 silly fetchPackageMetaData     at Request.emit (events.js:191:7)
22 silly fetchPackageMetaData     at Request.<anonymous> (/usr/local/lib/node_modules/npm/node_modules/request/request.js:1048:10)
22 silly fetchPackageMetaData     at emitOne (events.js:96:13)
22 silly fetchPackageMetaData     at Request.emit (events.js:188:7)
22 silly fetchPackageMetaData     at IncomingMessage.<anonymous> (/usr/local/lib/node_modules/npm/node_modules/request/request.js:969:12)
22 silly fetchPackageMetaData  error for js-hint { Error: Not found : nexus
22 silly fetchPackageMetaData     at makeError (/usr/local/lib/node_modules/npm/node_modules/npm-registry-client/lib/request.js:302:12)
22 silly fetchPackageMetaData     at CachingRegistryClient.<anonymous> (/usr/local/lib/node_modules/npm/node_modules/npm-registry-client/lib/request.js:290:14)
22 silly fetchPackageMetaData     at Request._callback (/usr/local/lib/node_modules/npm/node_modules/npm-registry-client/lib/request.js:210:14)
22 silly fetchPackageMetaData     at Request.self.callback (/usr/local/lib/node_modules/npm/node_modules/request/request.js:187:22)
22 silly fetchPackageMetaData     at emitTwo (events.js:106:13)
22 silly fetchPackageMetaData     at Request.emit (events.js:191:7)
22 silly fetchPackageMetaData     at Request.<anonymous> (/usr/local/lib/node_modules/npm/node_modules/request/request.js:1048:10)
22 silly fetchPackageMetaData     at emitOne (events.js:96:13)
22 silly fetchPackageMetaData     at Request.emit (events.js:188:7)
22 silly fetchPackageMetaData     at IncomingMessage.<anonymous> (/usr/local/lib/node_modules/npm/node_modules/request/request.js:969:12) pkgid: 'nexus', statusCode: 404, code: 'E404' }
23 silly rollbackFailedOptional Starting
24 silly rollbackFailedOptional Finishing
25 silly runTopLevelLifecycles Finishing
26 silly install printInstalled
27 verbose stack Error: Not found : nexus
27 verbose stack     at makeError (/usr/local/lib/node_modules/npm/node_modules/npm-registry-client/lib/request.js:302:12)
27 verbose stack     at CachingRegistryClient.<anonymous> (/usr/local/lib/node_modules/npm/node_modules/npm-registry-client/lib/request.js:290:14)
27 verbose stack     at Request._callback (/usr/local/lib/node_modules/npm/node_modules/npm-registry-client/lib/request.js:210:14)
27 verbose stack     at Request.self.callback (/usr/local/lib/node_modules/npm/node_modules/request/request.js:187:22)
27 verbose stack     at emitTwo (events.js:106:13)
27 verbose stack     at Request.emit (events.js:191:7)
27 verbose stack     at Request.<anonymous> (/usr/local/lib/node_modules/npm/node_modules/request/request.js:1048:10)
27 verbose stack     at emitOne (events.js:96:13)
27 verbose stack     at Request.emit (events.js:188:7)
27 verbose stack     at IncomingMessage.<anonymous> (/usr/local/lib/node_modules/npm/node_modules/request/request.js:969:12)
28 verbose statusCode 404
29 verbose pkgid nexus
30 verbose cwd /home/chema/development/git/opengate-js
31 error Linux 4.12.14-300.fc26.x86_64
32 error argv "/usr/local/bin/node" "/usr/local/bin/npm" "install" "js-hint"
33 error node v6.9.2
34 error npm  v3.10.9
35 error code E404
36 error 404 Not found : nexus
37 error 404
38 error 404 'nexus' is not in the npm registry.
39 error 404 You should bug the author to publish it (or use the name yourself!)
40 error 404 Note that you can also install from a
41 error 404 tarball, folder, http url, or git url.
42 verbose exit [ 1, true ]
